compiz (core) - Info: Stopping plugin: unityshell
ERROR 2016-09-07 15:30:15 unity.shell.compiz unityshell.cpp:4010 Impossible to delete the unity locked stamp file

(compiz:2979): GLib-CRITICAL **: g_hash_table_remove_internal: assertion 'hash_table != NULL' failed

(compiz:2979): GLib-CRITICAL **: g_hash_table_remove_internal: assertion 'hash_table != NULL' failed

(compiz:2979): GLib-CRITICAL **: g_hash_table_remove_internal: assertion 'hash_table != NULL' failed

(compiz:2979): GLib-CRITICAL **: g_hash_table_remove_internal: assertion 'hash_table != NULL' failed

(compiz:2979): GLib-CRITICAL **: g_hash_table_remove_internal: assertion 'hash_table != NULL' failed

(compiz:2979): GLib-CRITICAL **: g_hash_table_remove_internal: assertion 'hash_table != NULL' failed

(compiz:2979): GLib-CRITICAL **: g_hash_table_remove_internal: assertion 'hash_table != NULL' failed

(compiz:2979): GLib-CRITICAL **: g_hash_table_remove_internal: assertion 'hash_table != NULL' failed

(compiz:2979): GLib-CRITICAL **: g_hash_table_remove_internal: assertion 'hash_table != NULL' failed

(compiz:2979): GLib-CRITICAL **: g_hash_table_remove_internal: assertion 'hash_table != NULL' failed

(compiz:2979): GLib-CRITICAL **: g_hash_table_remove_internal: assertion 'hash_table != NULL' failed

(compiz:2979): GLib-CRITICAL **: g_hash_table_remove_internal: assertion 'hash_table != NULL' failed

(compiz:2979): GLib-CRITICAL **: g_hash_table_remove_internal: assertion 'hash_table != NULL' failed

(compiz:2979): GLib-CRITICAL **: g_hash_table_remove_internal: assertion 'hash_table != NULL' failed

(compiz:2979): GLib-CRITICAL **: g_hash_table_remove_internal: assertion 'hash_table != NULL' failed

(compiz:2979): GLib-CRITICAL **: g_hash_table_remove_internal: assertion 'hash_table != NULL' failed

(compiz:2979): GLib-CRITICAL **: g_hash_table_remove_internal: assertion 'hash_table != NULL' failed

(compiz:2979): GLib-CRITICAL **: g_hash_table_remove_internal: assertion 'hash_table != NULL' failed

(compiz:2979): GLib-CRITICAL **: g_hash_table_remove_internal: assertion 'hash_table != NULL' failed

(compiz:2979): GLib-CRITICAL **: g_hash_table_remove_internal: assertion 'hash_table != NULL' failed

(compiz:2979): GLib-CRITICAL **: g_hash_table_remove_internal: assertion 'hash_table != NULL' failed

(compiz:2979): GLib-CRITICAL **: g_hash_table_remove_internal: assertion 'hash_table != NULL' failed
compiz (core) - Info: Stopping plugin: scale
compiz (core) - Info: Stopping plugin: ezoom
compiz (core) - Info: Stopping plugin: expo
compiz (core) - Info: Stopping plugin: fade
compiz (core) - Info: Stopping plugin: workarounds
compiz (core) - Info: Stopping plugin: animation
compiz (core) - Info: Stopping plugin: unitymtgrabhandles
compiz (core) - Info: Stopping plugin: regex
compiz (core) - Info: Stopping plugin: compiztoolbox
compiz (core) - Info: Stopping plugin: grid
compiz (core) - Info: Stopping plugin: wall
compiz (core) - Info: Stopping plugin: mousepoll
compiz (core) - Info: Stopping plugin: resize
compiz (core) - Info: Stopping plugin: imgpng
compiz (core) - Info: Stopping plugin: vpswitch
compiz (core) - Info: Stopping plugin: session
compiz (core) - Info: Stopping plugin: move
compiz (core) - Info: Stopping plugin: copytex
compiz (core) - Info: Stopping plugin: snap
compiz (core) - Info: Stopping plugin: place
compiz (core) - Info: Stopping plugin: commands
compiz (core) - Info: Starting plugin: compiztoolbox
compiz (core) - Info: Loading plugin: decor
compiz (core) - Info: Starting plugin: decor
compiz (core) - Info: Starting plugin: vpswitch
compiz (core) - Info: Starting plugin: snap
compiz (core) - Info: Starting plugin: mousepoll
compiz (core) - Info: Starting plugin: resize
compiz (core) - Info: Starting plugin: place
compiz (core) - Info: Starting plugin: move
compiz (core) - Info: Starting plugin: wall
compiz (core) - Info: Starting plugin: grid
compiz (core) - Info: Starting plugin: regex
compiz (core) - Info: Starting plugin: imgpng
compiz (core) - Info: Starting plugin: session
compiz (core) - Info: Loading plugin: gnomecompat
compiz (core) - Info: Starting plugin: gnomecompat
compiz (core) - Info: Starting plugin: animation
compiz (core) - Info: Starting plugin: fade
compiz (core) - Info: Starting plugin: workarounds
compiz (core) - Info: Starting plugin: scale
compiz (core) - Info: Starting plugin: expo
compiz (core) - Info: Starting plugin: ezoom
compiz (core) - Info: Loading plugin: switcher
compiz (core) - Info: Starting plugin: switcher
compiz (core) - Info: Unloading plugin: unityshell
compiz (core) - Info: Unloading plugin: unitymtgrabhandles
compiz (core) - Info: Unloading plugin: copytex
compiz (core) - Info: Unloading plugin: commands
compiz (decor) - Warn: No default decoration found, placement will not be correct
compiz (decor) - Warn: No default decoration found, placement will not be correct
compiz (decor) - Warn: No default decoration found, placement will not be correct
compiz (decor) - Warn: No default decoration found, placement will not be correct
compiz (decor) - Warn: No default decoration found, placement will not be correct
compiz (decor) - Warn: No default decoration found, placement will not be correct
console.error: 
  Could not write session state file 
  Message: Unix error 2 during operation open on file /home/connotate/.mozilla/firefox/h8jtks6a.default/sessionstore-backups/recovery.js.tmp (No such file or directory)
  
console.error: 
  Could not write session state file 
  Message: Unix error 2 during operation open on file /home/connotate/.mozilla/firefox/h8jtks6a.default/sessionstore-backups/recovery.js.tmp (No such file or directory)
  
console.error: 
  Could not write session state file 
  Message: Unix error 2 during operation open on file /home/connotate/.mozilla/firefox/h8jtks6a.default/sessionstore-backups/recovery.js.tmp (No such file or directory)
  

(firefox:3457): Gtk-CRITICAL **: gtk_clipboard_set_with_data: assertion 'targets != NULL' failed
console.error: 
  Could not write session state file 
  Message: Unix error 2 during operation open on file /home/connotate/.mozilla/firefox/h8jtks6a.default/sessionstore-backups/recovery.js.tmp (No such file or directory)
  
console.error: 
  Could not write session state file 
  Message: Unix error 2 during operation open on file /home/connotate/.mozilla/firefox/h8jtks6a.default/sessionstore-backups/recovery.js.tmp (No such file or directory)
  
1473280424777	addons.update-checker	WARN	Update manifest for ubufox@ubuntu.com did not contain an updates property
1473280424914	addons.update-checker	WARN	Update manifest for {972ce4c6-7e08-4474-a285-3208198ce6fd} did not contain an updates property
1473280424998	addons.update-checker	WARN	Update manifest for firefox@getpocket.com did not contain an updates property
1473280425112	addons.update-checker	WARN	Update manifest for e10srollout@mozilla.org did not contain an updates property
console.error: 
  Could not write session state file 
  Message: Unix error 2 during operation open on file /home/connotate/.mozilla/firefox/h8jtks6a.default/sessionstore-backups/recovery.js.tmp (No such file or directory)
  
console.error: 
  Could not write session state file 
  Message: Unix error 2 during operation open on file /home/connotate/.mozilla/firefox/h8jtks6a.default/sessionstore-backups/recovery.js.tmp (No such file or directory)
  
console.error: 
  Could not write session state file 
  Message: Unix error 2 during operation open on file /home/connotate/.mozilla/firefox/h8jtks6a.default/sessionstore-backups/recovery.js.tmp (No such file or directory)
  
console.error: 
  Could not write session state file 
  Message: Unix error 2 during operation open on file /home/connotate/.mozilla/firefox/h8jtks6a.default/sessionstore-backups/recovery.js.tmp (No such file or directory)
  
console.error: 
  Could not write session state file 
  Message: Unix error 2 during operation open on file /home/connotate/.mozilla/firefox/h8jtks6a.default/sessionstore-backups/recovery.js.tmp (No such file or directory)
  
compiz (decor) - Warn: No default decoration found, placement will not be correct
compiz (decor) - Warn: No default decoration found, placement will not be correct
console.error: 
  Could not write session state file 
  Message: Unix error 2 during operation open on file /home/connotate/.mozilla/firefox/h8jtks6a.default/sessionstore-backups/recovery.js.tmp (No such file or directory)
  
console.error: 
  Could not write session state file 
  Message: Unix error 2 during operation open on file /home/connotate/.mozilla/firefox/h8jtks6a.default/sessionstore-backups/recovery.js.tmp (No such file or directory)
  
console.error: 
  Could not write session state file 
  Message: Unix error 2 during operation open on file /home/connotate/.mozilla/firefox/h8jtks6a.default/sessionstore-backups/recovery.js.tmp (No such file or directory)
  
console.error: 
  Could not write session state file 
  Message: Unix error 2 during operation open on file /home/connotate/.mozilla/firefox/h8jtks6a.default/sessionstore-backups/recovery.js.tmp (No such file or directory)
  
console.error: 
  Could not write session state file 
  Message: Unix error 2 during operation open on file /home/connotate/.mozilla/firefox/h8jtks6a.default/sessionstore-backups/recovery.js.tmp (No such file or directory)
  
console.error: 
  Could not write session state file 
  Message: Unix error 2 during operation open on file /home/connotate/.mozilla/firefox/h8jtks6a.default/sessionstore-backups/recovery.js.tmp (No such file or directory)
  
